<?xml version="1.0" encoding="UTF-8"?>
<coverage generated="1778353650842" clover="3.2.0">
  <project timestamp="1778353650842" name="All files">
    <metrics statements="16" coveredstatements="16" conditionals="1" coveredconditionals="1" methods="3" coveredmethods="3" elements="20" coveredelements="20" complexity="0" loc="16" ncloc="16" packages="1" files="1" classes="1"/>
    <file name="route.ts" path="C:\Users\Z-BOOK\Dropbox\PC\Desktop\Ninja\NB_Therapy\app\api\cron\reminders\route.ts">
      <metrics statements="16" coveredstatements="16" conditionals="1" coveredconditionals="1" methods="3" coveredmethods="3"/>
      <line num="1" count="1" type="stmt"/>
      <line num="2" count="1" type="stmt"/>
      <line num="3" count="1" type="stmt"/>
      <line num="4" count="1" type="stmt"/>
      <line num="6" count="6" type="stmt"/>
      <line num="7" count="6" type="stmt"/>
      <line num="8" count="6" type="cond" truecount="1" falsecount="0"/>
      <line num="9" count="2" type="stmt"/>
      <line num="12" count="4" type="stmt"/>
      <line num="14" count="4" type="stmt"/>
      <line num="31" count="4" type="stmt"/>
      <line num="33" count="2" type="stmt"/>
      <line num="34" count="2" type="stmt"/>
      <line num="40" count="2" type="stmt"/>
      <line num="41" count="2" type="stmt"/>
      <line num="48" count="4" type="stmt"/>
    </file>
  </project>
</coverage>
