{"C:\\Users\\Z-BOOK\\Dropbox\\PC\\Desktop\\Ninja\\NB_Therapy\\app\\api\\cron\\reminders\\route.ts": {"path":"C:\\Users\\Z-BOOK\\Dropbox\\PC\\Desktop\\Ninja\\NB_Therapy\\app\\api\\cron\\reminders\\route.ts","statementMap":{"0":{"start":{"line":6,"column":22},"end":{"line":6,"column":26}},"1":{"start":{"line":1,"column":29},"end":{"line":1,"column":null}},"2":{"start":{"line":2,"column":25},"end":{"line":2,"column":null}},"3":{"start":{"line":3,"column":23},"end":{"line":3,"column":null}},"4":{"start":{"line":4,"column":60},"end":{"line":4,"column":null}},"5":{"start":{"line":7,"column":15},"end":{"line":7,"column":null}},"6":{"start":{"line":8,"column":2},"end":{"line":10,"column":null}},"7":{"start":{"line":9,"column":4},"end":{"line":9,"column":null}},"8":{"start":{"line":12,"column":14},"end":{"line":12,"column":null}},"9":{"start":{"line":14,"column":47},"end":{"line":29,"column":null}},"10":{"start":{"line":31,"column":2},"end":{"line":46,"column":null}},"11":{"start":{"line":33,"column":6},"end":{"line":33,"column":null}},"12":{"start":{"line":34,"column":6},"end":{"line":37,"column":null}},"13":{"start":{"line":40,"column":6},"end":{"line":40,"column":null}},"14":{"start":{"line":41,"column":6},"end":{"line":44,"column":null}},"15":{"start":{"line":48,"column":2},"end":{"line":51,"column":null}}},"fnMap":{"0":{"name":"GET","decl":{"start":{"line":6,"column":22},"end":{"line":6,"column":26}},"loc":{"start":{"line":6,"column":42},"end":{"line":52,"column":null}}},"1":{"name":"(anonymous_2)","decl":{"start":{"line":32,"column":25},"end":{"line":32,"column":32}},"loc":{"start":{"line":32,"column":32},"end":{"line":38,"column":null}}},"2":{"name":"(anonymous_3)","decl":{"start":{"line":39,"column":31},"end":{"line":39,"column":38}},"loc":{"start":{"line":39,"column":38},"end":{"line":45,"column":null}}}},"branchMap":{"0":{"loc":{"start":{"line":8,"column":2},"end":{"line":10,"column":null}},"type":"if","locations":[{"start":{"line":8,"column":2},"end":{"line":10,"column":null}}]}},"s":{"0":6,"1":1,"2":1,"3":1,"4":1,"5":6,"6":6,"7":2,"8":4,"9":4,"10":4,"11":2,"12":2,"13":2,"14":2,"15":4},"f":{"0":6,"1":2,"2":2},"b":{"0":[2]}}
}
